<?xml version="1.0" encoding="UTF-8"?>
<!-- Generated by org.testng.reporters.JUnitXMLReporter -->
<testsuite ignored="0" hostname="SSPL-LPTP-374" failures="0" tests="3" name="Test" time="4.283" errors="0" timestamp="2025-06-27T15:51:28 IST">
  <testcase classname="testlib.servervalidation.ServerResponsesValidation" name="validateServer" time="1.554"/>
  <testcase classname="testlib.servervalidation.ServerResponsesValidation" name="validateServer" time="0.828"/>
  <testcase classname="testlib.servervalidation.ServerResponsesValidation" name="validateServer" time="1.011"/>
</testsuite> <!-- Test -->
