<?xml version="1.0" encoding="UTF-8"?>
<testng-results ignored="0" total="3" passed="2" failed="1" skipped="0">
  <reporter-output>
  </reporter-output>
  <suite started-at="2025-06-27T17:29:39 IST" name="Default suite" finished-at="2025-06-27T17:29:44 IST" duration-ms="4992">
    <groups>
    </groups>
    <test started-at="2025-06-27T17:29:39 IST" name="Default test" finished-at="2025-06-27T17:29:44 IST" duration-ms="4992">
      <class name="testlib.servervalidation.ServerResponsesValidation">
        <test-method signature="validateServer(java.lang.String)[pri:0, instance:testlib.servervalidation.ServerResponsesValidation@6e6f2380]" started-at="2025-06-27T17:29:40 IST" name="validateServer" data-provider="readDataFromExcel" finished-at="2025-06-27T17:29:42 IST" duration-ms="1651" status="FAIL">
          <params>
            <param index="0">
              <value>
                <![CDATA[https://automation.academiaerp.com]]>
              </value>
            </param>
          </params>
          <exception class="java.lang.Exception">
            <message>
              <![CDATA[Server is down for https://automation.academiaerp.com]]>
            </message>
            <full-stacktrace>
              <![CDATA[java.lang.Exception: Server is down for https://automation.academiaerp.com
at testlib.servervalidation.ServerResponsesValidation.validateServer(ServerResponsesValidation.java:33)
at java.base/jdk.internal.reflect.NativeMethodAccessorImpl.invoke0(Native Method)
at java.base/jdk.internal.reflect.NativeMethodAccessorImpl.invoke(NativeMethodAccessorImpl.java:77)
at java.base/jdk.internal.reflect.DelegatingMethodAccessorImpl.invoke(DelegatingMethodAccessorImpl.java:43)
at java.base/java.lang.reflect.Method.invoke(Method.java:568)
at org.testng.internal.invokers.MethodInvocationHelper.invokeMethod(MethodInvocationHelper.java:139)
at org.testng.internal.invokers.TestInvoker.invokeMethod(TestInvoker.java:664)
at org.testng.internal.invokers.TestInvoker.invokeTestMethod(TestInvoker.java:228)
at org.testng.internal.invokers.MethodRunner.runInSequence(MethodRunner.java:63)
at org.testng.internal.invokers.TestInvoker$MethodInvocationAgent.invoke(TestInvoker.java:961)
at org.testng.internal.invokers.TestInvoker.invokeTestMethods(TestInvoker.java:201)
at org.testng.internal.invokers.TestMethodWorker.invokeTestMethods(TestMethodWorker.java:148)
at org.testng.internal.invokers.TestMethodWorker.run(TestMethodWorker.java:128)
at java.base/java.util.ArrayList.forEach(ArrayList.java:1511)
at org.testng.TestRunner.privateRun(TestRunner.java:819)
at org.testng.TestRunner.run(TestRunner.java:619)
at org.testng.SuiteRunner.runTest(SuiteRunner.java:443)
at org.testng.SuiteRunner.runSequentially(SuiteRunner.java:437)
at org.testng.SuiteRunner.privateRun(SuiteRunner.java:397)
at org.testng.SuiteRunner.run(SuiteRunner.java:336)
at org.testng.SuiteRunnerWorker.runSuite(SuiteRunnerWorker.java:52)
at org.testng.SuiteRunnerWorker.run(SuiteRunnerWorker.java:95)
at org.testng.TestNG.runSuitesSequentially(TestNG.java:1301)
at org.testng.TestNG.runSuitesLocally(TestNG.java:1228)
at org.testng.TestNG.runSuites(TestNG.java:1134)
at org.testng.TestNG.run(TestNG.java:1101)
at org.testng.remote.AbstractRemoteTestNG.run(AbstractRemoteTestNG.java:115)
at org.testng.remote.RemoteTestNG.initAndRun(RemoteTestNG.java:251)
at org.testng.remote.RemoteTestNG.main(RemoteTestNG.java:77)
]]>
            </full-stacktrace>
          </exception> <!-- java.lang.Exception -->
          <reporter-output>
          </reporter-output>
        </test-method> <!-- validateServer -->
        <test-method signature="validateServer(java.lang.String)[pri:0, instance:testlib.servervalidation.ServerResponsesValidation@6e6f2380]" started-at="2025-06-27T17:29:42 IST" name="validateServer" data-provider="readDataFromExcel" finished-at="2025-06-27T17:29:43 IST" duration-ms="1103" status="PASS">
          <params>
            <param index="0">
              <value>
                <![CDATA[https://buzz-uat.academiaerp.com]]>
              </value>
            </param>
          </params>
          <reporter-output>
          </reporter-output>
        </test-method> <!-- validateServer -->
        <test-method signature="validateServer(java.lang.String)[pri:0, instance:testlib.servervalidation.ServerResponsesValidation@6e6f2380]" started-at="2025-06-27T17:29:43 IST" name="validateServer" data-provider="readDataFromExcel" finished-at="2025-06-27T17:29:44 IST" duration-ms="1321" status="PASS">
          <params>
            <param index="0">
              <value>
                <![CDATA[https://testing-buzz.academiaerp.com]]>
              </value>
            </param>
          </params>
          <reporter-output>
          </reporter-output>
        </test-method> <!-- validateServer -->
      </class> <!-- testlib.servervalidation.ServerResponsesValidation -->
    </test> <!-- Default test -->
  </suite> <!-- Default suite -->
</testng-results>
